<?xml version="1.0" encoding="UTF-8"?>
<testng-results skipped="0" failed="1" ignored="0" total="1" passed="0">
  <reporter-output>
    <line>
      <![CDATA[Extent Report Directory/Users/tareq/Downloads/ShakeHasanSeleniumFremwork/BankOfAmerica/test-output/html]]>
    </line>
  </reporter-output>
  <suite name="JBO Automation Script " duration-ms="5134" started-at="2018-05-08T08:49:03Z" finished-at="2018-05-08T08:49:08Z">
    <groups>
    </groups>
    <test name="BOA Search" duration-ms="5134" started-at="2018-05-08T08:49:03Z" finished-at="2018-05-08T08:49:08Z">
      <class name="searchTest.TestSearch">
        <test-method status="PASS" signature="extentSetup(org.testng.ITestContext)[pri:0, instance:searchTest.TestSearch@2b552920]" name="extentSetup" is-config="true" duration-ms="312" started-at="2018-05-08T08:49:02Z" finished-at="2018-05-08T08:49:03Z">
          <params>
            <param index="0">
              <value>
                <![CDATA[org.testng.TestRunner@49ff7d8c]]>
              </value>
            </param>
          </params>
          <reporter-output>
            <line>
              <![CDATA[Extent Report Directory/Users/tareq/Downloads/ShakeHasanSeleniumFremwork/BankOfAmerica/test-output/html]]>
            </line>
          </reporter-output>
        </test-method> <!-- extentSetup -->
        <test-method status="PASS" signature="setUp(boolean, java.lang.String, java.lang.String, java.lang.String, java.lang.String, java.lang.String, java.lang.String)[pri:0, instance:searchTest.TestSearch@2b552920]" name="setUp" is-config="true" duration-ms="3238" started-at="2018-05-08T08:49:03Z" finished-at="2018-05-08T08:49:06Z">
          <params>
            <param index="0">
              <value>
                <![CDATA[false]]>
              </value>
            </param>
            <param index="1">
              <value>
                <![CDATA[browserstack]]>
              </value>
            </param>
            <param index="2">
              <value>
                <![CDATA[OS X]]>
              </value>
            </param>
            <param index="3">
              <value>
                <![CDATA[Sierra]]>
              </value>
            </param>
            <param index="4">
              <value>
                <![CDATA[chrome]]>
              </value>
            </param>
            <param index="5">
              <value>
                <![CDATA[53.0]]>
              </value>
            </param>
            <param index="6">
              <value>
                <![CDATA[https://www.bankofamerica.com]]>
              </value>
            </param>
          </params>
          <reporter-output>
          </reporter-output>
        </test-method> <!-- setUp -->
        <test-method status="PASS" signature="startExtent(java.lang.reflect.Method)[pri:0, instance:searchTest.TestSearch@2b552920]" name="startExtent" is-config="true" duration-ms="19" started-at="2018-05-08T08:49:06Z" finished-at="2018-05-08T08:49:06Z">
          <params>
            <param index="0">
              <value>
                <![CDATA[public void searchTest.TestSearch.testse() throws java.io.IOException]]>
              </value>
            </param>
          </params>
          <reporter-output>
          </reporter-output>
        </test-method> <!-- startExtent -->
        <test-method status="FAIL" signature="testse()[pri:0, instance:searchTest.TestSearch@2b552920]" name="testse" duration-ms="2" started-at="2018-05-08T08:49:06Z" finished-at="2018-05-08T08:49:06Z">
          <exception class="java.io.FileNotFoundException">
            <message>
              <![CDATA[/Users/tareq/Downloads/ShakeHasanSeleniumFremwork/BankOfAmericadata/file1.xls (No such file or directory)]]>
            </message>
            <full-stacktrace>
              <![CDATA[java.io.FileNotFoundException: /Users/tareq/Downloads/ShakeHasanSeleniumFremwork/BankOfAmericadata/file1.xls (No such file or directory)
at java.io.FileInputStream.open0(Native Method)
at java.io.FileInputStream.open(FileInputStream.java:195)
at java.io.FileInputStream.<init>(FileInputStream.java:138)
at utility.DataReader.fileReader2(DataReader.java:46)
at boaDB.ItemsToBeSearched.getDataFromExcelFile(ItemsToBeSearched.java:12)
at searchTest.TestSearch.testse(tSearch.java:11)
at sun.reflect.NativeMethodAccessorImpl.invoke0(Native Method)
at sun.reflect.NativeMethodAccessorImpl.invoke(NativeMethodAccessorImpl.java:62)
at sun.reflect.DelegatingMethodAccessorImpl.invoke(DelegatingMethodAccessorImpl.java:43)
at java.lang.reflect.Method.invoke(Method.java:498)
at org.testng.internal.MethodInvocationHelper.invokeMethod(MethodInvocationHelper.java:124)
at org.testng.internal.Invoker.invokeMethod(Invoker.java:583)
at org.testng.internal.Invoker.invokeTestMethod(Invoker.java:719)
at org.testng.internal.Invoker.invokeTestMethods(Invoker.java:989)
at org.testng.internal.TestMethodWorker.invokeTestMethods(TestMethodWorker.java:125)
at org.testng.internal.TestMethodWorker.run(TestMethodWorker.java:109)
at org.testng.TestRunner.privateRun(TestRunner.java:648)
at org.testng.TestRunner.run(TestRunner.java:505)
at org.testng.SuiteRunner.runTest(SuiteRunner.java:455)
at org.testng.SuiteRunner.runSequentially(SuiteRunner.java:450)
at org.testng.SuiteRunner.privateRun(SuiteRunner.java:415)
at org.testng.SuiteRunner.run(SuiteRunner.java:364)
at org.testng.SuiteRunnerWorker.runSuite(SuiteRunnerWorker.java:52)
at org.testng.SuiteRunnerWorker.run(SuiteRunnerWorker.java:84)
at org.testng.TestNG.runSuitesSequentially(TestNG.java:1208)
at org.testng.TestNG.runSuitesLocally(TestNG.java:1137)
at org.testng.TestNG.runSuites(TestNG.java:1049)
at org.testng.TestNG.run(TestNG.java:1017)
at org.testng.IDEARemoteTestNG.run(IDEARemoteTestNG.java:72)
at org.testng.RemoteTestNGStarter.main(RemoteTestNGStarter.java:123)
]]>
            </full-stacktrace>
          </exception> <!-- java.io.FileNotFoundException -->
          <reporter-output>
          </reporter-output>
        </test-method> <!-- testse -->
        <test-method status="PASS" signature="afterEachTestMethod(org.testng.ITestResult)[pri:0, instance:searchTest.TestSearch@2b552920]" name="afterEachTestMethod" is-config="true" duration-ms="1846" started-at="2018-05-08T08:49:06Z" finished-at="2018-05-08T08:49:08Z">
          <params>
            <param index="0">
              <value>
                <![CDATA[[TestResult name=testse status=FAILURE method=tSearch.testse()[pri:0, instance:searchTest.TestSearch@2b552920] output={null}]]]>
              </value>
            </param>
          </params>
          <reporter-output>
          </reporter-output>
        </test-method> <!-- afterEachTestMethod -->
        <test-method status="PASS" signature="afterMethod()[pri:0, instance:searchTest.TestSearch@2b552920]" name="afterMethod" is-config="true" duration-ms="1" started-at="2018-05-08T08:49:08Z" finished-at="2018-05-08T08:49:08Z">
          <reporter-output>
          </reporter-output>
        </test-method> <!-- afterMethod -->
        <test-method status="PASS" signature="generateReport()[pri:0, instance:searchTest.TestSearch@2b552920]" name="generateReport" is-config="true" duration-ms="47" started-at="2018-05-08T08:49:08Z" finished-at="2018-05-08T08:49:08Z">
          <reporter-output>
          </reporter-output>
        </test-method> <!-- generateReport -->
      </class> <!-- searchTest.TestSearch -->
    </test> <!-- BOA Search -->
  </suite> <!-- JBO Automation Script  -->
</testng-results>
